<?xml version="1.0" encoding="UTF-8"?>
<coverage generated="1739629607876" clover="3.2.0">
  <project timestamp="1739629607876" name="All files">
    <metrics statements="110" coveredstatements="103" conditionals="33" coveredconditionals="27" methods="38" coveredmethods="36" elements="181" coveredelements="166" complexity="0" loc="110" ncloc="110" packages="2" files="3" classes="3"/>
    <package name="src">
      <metrics statements="1" coveredstatements="1" conditionals="0" coveredconditionals="0" methods="0" coveredmethods="0"/>
      <file name="config.ts" path="/Users/ricardoribeiro/Documents/GitHub/SolanaTokenSniper_v1/src/config.ts">
        <metrics statements="1" coveredstatements="1" conditionals="0" coveredconditionals="0" methods="0" coveredmethods="0"/>
        <line num="44" count="2" type="stmt"/>
      </file>
    </package>
    <package name="src.tracker.db">
      <metrics statements="109" coveredstatements="102" conditionals="33" coveredconditionals="27" methods="38" coveredmethods="36"/>
      <file name="connection_manager.ts" path="/Users/ricardoribeiro/Documents/GitHub/SolanaTokenSniper_v1/src/tracker/db/connection_manager.ts">
        <metrics statements="71" coveredstatements="64" conditionals="20" coveredconditionals="14" methods="20" coveredmethods="18"/>
        <line num="1" count="2" type="stmt"/>
        <line num="2" count="2" type="stmt"/>
        <line num="3" count="2" type="stmt"/>
        <line num="10" count="2" type="stmt"/>
        <line num="12" count="2" type="stmt"/>
        <line num="13" count="2" type="stmt"/>
        <line num="14" count="2" type="stmt"/>
        <line num="15" count="2" type="stmt"/>
        <line num="20" count="20" type="cond" truecount="1" falsecount="0"/>
        <line num="21" count="2" type="stmt"/>
        <line num="23" count="20" type="stmt"/>
        <line num="31" count="22" type="stmt"/>
        <line num="32" count="110" type="stmt"/>
        <line num="33" count="110" type="stmt"/>
        <line num="34" count="108" type="stmt"/>
        <line num="36" count="2" type="cond" truecount="1" falsecount="1"/>
        <line num="40" count="22" type="cond" truecount="0" falsecount="1"/>
        <line num="41" count="0" type="stmt"/>
        <line num="50" count="260" type="stmt"/>
        <line num="52" count="64" type="cond" truecount="1" falsecount="0"/>
        <line num="53" count="15" type="stmt"/>
        <line num="54" count="15" type="stmt"/>
        <line num="58" count="49" type="cond" truecount="1" falsecount="0"/>
        <line num="59" count="49" type="stmt"/>
        <line num="60" count="13" type="stmt"/>
        <line num="63" count="0" type="stmt"/>
        <line num="70" count="10" type="stmt"/>
        <line num="79" count="7" type="stmt"/>
        <line num="81" count="4" type="stmt"/>
        <line num="82" count="4" type="stmt"/>
        <line num="84" count="3" type="stmt"/>
        <line num="86" count="1" type="stmt"/>
        <line num="89" count="0" type="stmt"/>
        <line num="93" count="3" type="stmt"/>
        <line num="94" count="1" type="stmt"/>
        <line num="95" count="1" type="stmt"/>
        <line num="97" count="1" type="stmt"/>
        <line num="98" count="1" type="stmt"/>
        <line num="100" count="2" type="stmt"/>
        <line num="111" count="8" type="stmt"/>
        <line num="113" count="8" type="stmt"/>
        <line num="114" count="8" type="stmt"/>
        <line num="116" count="4" type="stmt"/>
        <line num="117" count="4" type="stmt"/>
        <line num="120" count="4" type="stmt"/>
        <line num="124" count="1" type="stmt"/>
        <line num="126" count="3" type="cond" truecount="1" falsecount="1"/>
        <line num="128" count="3" type="cond" truecount="1" falsecount="0"/>
        <line num="129" count="2" type="stmt"/>
        <line num="132" count="4" type="stmt"/>
        <line num="136" count="3" type="cond" truecount="1" falsecount="0"/>
        <line num="137" count="3" type="stmt"/>
        <line num="141" count="0" type="stmt"/>
        <line num="148" count="112" type="stmt"/>
        <line num="158" count="3" type="stmt"/>
        <line num="159" count="3" type="stmt"/>
        <line num="171" count="2" type="stmt"/>
        <line num="173" count="10" type="stmt"/>
        <line num="174" count="2" type="stmt"/>
        <line num="175" count="2" type="stmt"/>
        <line num="178" count="2" type="stmt"/>
        <line num="179" count="2" type="stmt"/>
        <line num="181" count="0" type="cond" truecount="0" falsecount="2"/>
        <line num="182" count="0" type="stmt"/>
        <line num="183" count="0" type="stmt"/>
        <line num="191" count="42" type="stmt"/>
        <line num="193" count="96" type="stmt"/>
        <line num="194" count="96" type="stmt"/>
        <line num="196" count="1" type="cond" truecount="1" falsecount="1"/>
        <line num="200" count="42" type="stmt"/>
        <line num="201" count="42" type="stmt"/>
      </file>
      <file name="index.ts" path="/Users/ricardoribeiro/Documents/GitHub/SolanaTokenSniper_v1/src/tracker/db/index.ts">
        <metrics statements="38" coveredstatements="38" conditionals="13" coveredconditionals="13" methods="18" coveredmethods="18"/>
        <line num="1" count="1" type="stmt"/>
        <line num="4" count="1" type="stmt"/>
        <line num="10" count="22" type="cond" truecount="2" falsecount="0"/>
        <line num="14" count="1" type="cond" truecount="1" falsecount="0"/>
        <line num="15" count="1" type="stmt"/>
        <line num="17" count="1" type="stmt"/>
        <line num="21" count="3" type="stmt"/>
        <line num="22" count="3" type="stmt"/>
        <line num="26" count="3" type="stmt"/>
        <line num="28" count="2" type="stmt"/>
        <line num="46" count="2" type="stmt"/>
        <line num="58" count="2" type="stmt"/>
        <line num="67" count="3" type="stmt"/>
        <line num="68" count="3" type="stmt"/>
        <line num="69" count="3" type="stmt"/>
        <line num="71" count="3" type="stmt"/>
        <line num="80" count="3" type="cond" truecount="1" falsecount="0"/>
        <line num="81" count="1" type="stmt"/>
        <line num="84" count="2" type="stmt"/>
        <line num="85" count="2" type="stmt"/>
        <line num="90" count="4" type="stmt"/>
        <line num="92" count="4" type="cond" truecount="5" falsecount="0"/>
        <line num="93" count="1" type="stmt"/>
        <line num="96" count="3" type="stmt"/>
        <line num="97" count="3" type="stmt"/>
        <line num="98" count="3" type="stmt"/>
        <line num="106" count="3" type="stmt"/>
        <line num="107" count="2" type="stmt"/>
        <line num="112" count="2" type="cond" truecount="1" falsecount="0"/>
        <line num="113" count="1" type="stmt"/>
        <line num="116" count="1" type="stmt"/>
        <line num="117" count="1" type="stmt"/>
        <line num="122" count="4" type="cond" truecount="3" falsecount="0"/>
        <line num="123" count="2" type="stmt"/>
        <line num="126" count="2" type="stmt"/>
        <line num="127" count="1" type="stmt"/>
        <line num="135" count="2" type="stmt"/>
        <line num="139" count="1" type="stmt"/>
      </file>
    </package>
  </project>
</coverage>
