{"/Users/ricardoribeiro/Documents/GitHub/SolanaTokenSniper_v1/src/config.ts": {"path":"/Users/ricardoribeiro/Documents/GitHub/SolanaTokenSniper_v1/src/config.ts","statementMap":{"0":{"start":{"line":44,"column":13},"end":{"line":121,"column":2}}},"fnMap":{},"branchMap":{},"s":{"0":2},"f":{},"b":{}}
,"/Users/ricardoribeiro/Documents/GitHub/SolanaTokenSniper_v1/src/tracker/db/connection_manager.ts": {"path":"/Users/ricardoribeiro/Documents/GitHub/SolanaTokenSniper_v1/src/tracker/db/connection_manager.ts","statementMap":{"0":{"start":{"line":1,"column":0},"end":{"line":1,"column":40}},"1":{"start":{"line":2,"column":0},"end":{"line":2,"column":35}},"2":{"start":{"line":3,"column":0},"end":{"line":3,"column":38}},"3":{"start":{"line":12,"column":10},"end":{"line":12,"column":32}},"4":{"start":{"line":13,"column":10},"end":{"line":13,"column":43}},"5":{"start":{"line":14,"column":10},"end":{"line":14,"column":29}},"6":{"start":{"line":15,"column":10},"end":{"line":15,"column":35}},"7":{"start":{"line":20,"column":4},"end":{"line":22,"column":5}},"8":{"start":{"line":21,"column":6},"end":{"line":21,"column":59}},"9":{"start":{"line":23,"column":4},"end":{"line":23,"column":38}},"10":{"start":{"line":31,"column":4},"end":{"line":38,"column":5}},"11":{"start":{"line":31,"column":17},"end":{"line":31,"column":18}},"12":{"start":{"line":32,"column":6},"end":{"line":37,"column":7}},"13":{"start":{"line":33,"column":27},"end":{"line":33,"column":56}},"14":{"start":{"line":34,"column":8},"end":{"line":34,"column":35}},"15":{"start":{"line":36,"column":8},"end":{"line":36,"column":110}},"16":{"start":{"line":40,"column":4},"end":{"line":42,"column":5}},"17":{"start":{"line":41,"column":6},"end":{"line":41,"column":62}},"18":{"start":{"line":50,"column":23},"end":{"line":50,"column":68}},"19":{"start":{"line":50,"column":46},"end":{"line":50,"column":67}},"20":{"start":{"line":52,"column":4},"end":{"line":55,"column":5}},"21":{"start":{"line":53,"column":6},"end":{"line":53,"column":33}},"22":{"start":{"line":54,"column":6},"end":{"line":54,"column":24}},"23":{"start":{"line":58,"column":4},"end":{"line":61,"column":5}},"24":{"start":{"line":59,"column":6},"end":{"line":59,"column":62}},"25":{"start":{"line":59,"column":35},"end":{"line":59,"column":60}},"26":{"start":{"line":60,"column":6},"end":{"line":60,"column":45}},"27":{"start":{"line":63,"column":4},"end":{"line":63,"column":71}},"28":{"start":{"line":70,"column":4},"end":{"line":70,"column":34}},"29":{"start":{"line":79,"column":23},"end":{"line":79,"column":49}},"30":{"start":{"line":81,"column":4},"end":{"line":101,"column":5}},"31":{"start":{"line":82,"column":6},"end":{"line":82,"column":48}},"32":{"start":{"line":84,"column":47},"end":{"line":91,"column":8}},"33":{"start":{"line":86,"column":10},"end":{"line":86,"column":41}},"34":{"start":{"line":89,"column":10},"end":{"line":89,"column":43}},"35":{"start":{"line":93,"column":21},"end":{"line":93,"column":48}},"36":{"start":{"line":94,"column":6},"end":{"line":94,"column":33}},"37":{"start":{"line":95,"column":6},"end":{"line":95,"column":20}},"38":{"start":{"line":97,"column":6},"end":{"line":97,"column":39}},"39":{"start":{"line":98,"column":6},"end":{"line":98,"column":18}},"40":{"start":{"line":100,"column":6},"end":{"line":100,"column":41}},"41":{"start":{"line":111,"column":34},"end":{"line":111,"column":38}},"42":{"start":{"line":113,"column":4},"end":{"line":139,"column":5}},"43":{"start":{"line":113,"column":23},"end":{"line":113,"column":24}},"44":{"start":{"line":114,"column":25},"end":{"line":114,"column":51}},"45":{"start":{"line":116,"column":6},"end":{"line":133,"column":7}},"46":{"start":{"line":117,"column":23},"end":{"line":122,"column":10}},"47":{"start":{"line":120,"column":12},"end":{"line":120,"column":88}},"48":{"start":{"line":120,"column":29},"end":{"line":120,"column":63}},"49":{"start":{"line":124,"column":8},"end":{"line":124,"column":27}},"50":{"start":{"line":126,"column":8},"end":{"line":126,"column":78}},"51":{"start":{"line":128,"column":8},"end":{"line":130,"column":9}},"52":{"start":{"line":129,"column":10},"end":{"line":129,"column":51}},"53":{"start":{"line":132,"column":8},"end":{"line":132,"column":43}},"54":{"start":{"line":136,"column":6},"end":{"line":138,"column":7}},"55":{"start":{"line":137,"column":8},"end":{"line":137,"column":87}},"56":{"start":{"line":137,"column":37},"end":{"line":137,"column":85}},"57":{"start":{"line":141,"column":4},"end":{"line":141,"column":98}},"58":{"start":{"line":148,"column":4},"end":{"line":151,"column":7}},"59":{"start":{"line":158,"column":25},"end":{"line":158,"column":52}},"60":{"start":{"line":159,"column":4},"end":{"line":164,"column":6}},"61":{"start":{"line":171,"column":4},"end":{"line":184,"column":5}},"62":{"start":{"line":173,"column":6},"end":{"line":173,"column":64}},"63":{"start":{"line":173,"column":43},"end":{"line":173,"column":62}},"64":{"start":{"line":174,"column":6},"end":{"line":174,"column":36}},"65":{"start":{"line":175,"column":6},"end":{"line":175,"column":31}},"66":{"start":{"line":178,"column":28},"end":{"line":178,"column":57}},"67":{"start":{"line":179,"column":6},"end":{"line":179,"column":36}},"68":{"start":{"line":181,"column":18},"end":{"line":181,"column":75}},"69":{"start":{"line":182,"column":6},"end":{"line":182,"column":75}},"70":{"start":{"line":183,"column":6},"end":{"line":183,"column":16}},"71":{"start":{"line":191,"column":4},"end":{"line":199,"column":6}},"72":{"start":{"line":193,"column":8},"end":{"line":197,"column":9}},"73":{"start":{"line":194,"column":10},"end":{"line":194,"column":35}},"74":{"start":{"line":196,"column":10},"end":{"line":196,"column":109}},"75":{"start":{"line":200,"column":4},"end":{"line":200,"column":19}},"76":{"start":{"line":201,"column":4},"end":{"line":201,"column":23}},"77":{"start":{"line":10,"column":0},"end":{"line":10,"column":13}}},"fnMap":{"0":{"name":"(anonymous_9)","decl":{"start":{"line":17,"column":2},"end":{"line":17,"column":25}},"loc":{"start":{"line":17,"column":2},"end":{"line":17,"column":26}}},"1":{"name":"(anonymous_10)","decl":{"start":{"line":19,"column":9},"end":{"line":19,"column":15}},"loc":{"start":{"line":19,"column":27},"end":{"line":24,"column":3}}},"2":{"name":"(anonymous_11)","decl":{"start":{"line":29,"column":9},"end":{"line":29,"column":14}},"loc":{"start":{"line":29,"column":25},"end":{"line":43,"column":3}}},"3":{"name":"(anonymous_12)","decl":{"start":{"line":48,"column":9},"end":{"line":48,"column":14}},"loc":{"start":{"line":48,"column":40},"end":{"line":64,"column":3}}},"4":{"name":"(anonymous_13)","decl":{"start":{"line":50,"column":38},"end":{"line":50,"column":42}},"loc":{"start":{"line":50,"column":46},"end":{"line":50,"column":67}}},"5":{"name":"(anonymous_14)","decl":{"start":{"line":59,"column":24},"end":{"line":59,"column":31}},"loc":{"start":{"line":59,"column":35},"end":{"line":59,"column":60}}},"6":{"name":"(anonymous_15)","decl":{"start":{"line":69,"column":9},"end":{"line":69,"column":26}},"loc":{"start":{"line":69,"column":47},"end":{"line":71,"column":3}}},"7":{"name":"(anonymous_16)","decl":{"start":{"line":76,"column":9},"end":{"line":76,"column":14}},"loc":{"start":{"line":77,"column":62},"end":{"line":102,"column":3}}},"8":{"name":"(anonymous_17)","decl":{"start":{"line":85,"column":16},"end":{"line":85,"column":21}},"loc":{"start":{"line":85,"column":27},"end":{"line":87,"column":9}}},"9":{"name":"(anonymous_18)","decl":{"start":{"line":88,"column":18},"end":{"line":88,"column":23}},"loc":{"start":{"line":88,"column":29},"end":{"line":90,"column":9}}},"10":{"name":"(anonymous_19)","decl":{"start":{"line":107,"column":9},"end":{"line":107,"column":14}},"loc":{"start":{"line":109,"column":15},"end":{"line":142,"column":3}}},"11":{"name":"(anonymous_20)","decl":{"start":{"line":119,"column":22},"end":{"line":119,"column":23}},"loc":{"start":{"line":120,"column":12},"end":{"line":120,"column":88}}},"12":{"name":"(anonymous_21)","decl":{"start":{"line":120,"column":23},"end":{"line":120,"column":26}},"loc":{"start":{"line":120,"column":29},"end":{"line":120,"column":63}}},"13":{"name":"(anonymous_22)","decl":{"start":{"line":137,"column":26},"end":{"line":137,"column":33}},"loc":{"start":{"line":137,"column":37},"end":{"line":137,"column":85}}},"14":{"name":"(anonymous_23)","decl":{"start":{"line":147,"column":10},"end":{"line":147,"column":15}},"loc":{"start":{"line":147,"column":32},"end":{"line":152,"column":3}}},"15":{"name":"(anonymous_24)","decl":{"start":{"line":157,"column":10},"end":{"line":157,"column":27}},"loc":{"start":{"line":157,"column":40},"end":{"line":165,"column":3}}},"16":{"name":"(anonymous_25)","decl":{"start":{"line":170,"column":10},"end":{"line":170,"column":15}},"loc":{"start":{"line":170,"column":54},"end":{"line":185,"column":3}}},"17":{"name":"(anonymous_26)","decl":{"start":{"line":173,"column":35},"end":{"line":173,"column":39}},"loc":{"start":{"line":173,"column":43},"end":{"line":173,"column":62}}},"18":{"name":"(anonymous_27)","decl":{"start":{"line":190,"column":9},"end":{"line":190,"column":14}},"loc":{"start":{"line":190,"column":23},"end":{"line":202,"column":3}}},"19":{"name":"(anonymous_28)","decl":{"start":{"line":192,"column":20},"end":{"line":192,"column":25}},"loc":{"start":{"line":192,"column":41},"end":{"line":198,"column":7}}}},"branchMap":{"0":{"loc":{"start":{"line":20,"column":4},"end":{"line":22,"column":5}},"type":"if","locations":[{"start":{"line":20,"column":4},"end":{"line":22,"column":5}}]},"1":{"loc":{"start":{"line":36,"column":54},"end":{"line":36,"column":108}},"type":"cond-expr","locations":[{"start":{"line":36,"column":79},"end":{"line":36,"column":92}},{"start":{"line":36,"column":95},"end":{"line":36,"column":108}}]},"2":{"loc":{"start":{"line":40,"column":4},"end":{"line":42,"column":5}},"type":"if","locations":[{"start":{"line":40,"column":4},"end":{"line":42,"column":5}}]},"3":{"loc":{"start":{"line":48,"column":29},"end":{"line":48,"column":40}},"type":"default-arg","locations":[{"start":{"line":48,"column":39},"end":{"line":48,"column":40}}]},"4":{"loc":{"start":{"line":52,"column":4},"end":{"line":55,"column":5}},"type":"if","locations":[{"start":{"line":52,"column":4},"end":{"line":55,"column":5}}]},"5":{"loc":{"start":{"line":58,"column":4},"end":{"line":61,"column":5}},"type":"if","locations":[{"start":{"line":58,"column":4},"end":{"line":61,"column":5}}]},"6":{"loc":{"start":{"line":109,"column":4},"end":{"line":109,"column":15}},"type":"default-arg","locations":[{"start":{"line":109,"column":14},"end":{"line":109,"column":15}}]},"7":{"loc":{"start":{"line":126,"column":20},"end":{"line":126,"column":77}},"type":"cond-expr","locations":[{"start":{"line":126,"column":45},"end":{"line":126,"column":50}},{"start":{"line":126,"column":53},"end":{"line":126,"column":77}}]},"8":{"loc":{"start":{"line":128,"column":8},"end":{"line":130,"column":9}},"type":"if","locations":[{"start":{"line":128,"column":8},"end":{"line":130,"column":9}}]},"9":{"loc":{"start":{"line":136,"column":6},"end":{"line":138,"column":7}},"type":"if","locations":[{"start":{"line":136,"column":6},"end":{"line":138,"column":7}}]},"10":{"loc":{"start":{"line":160,"column":6},"end":{"line":163,"column":41}},"type":"binary-expr","locations":[{"start":{"line":160,"column":6},"end":{"line":160,"column":42}},{"start":{"line":161,"column":6},"end":{"line":161,"column":49}},{"start":{"line":162,"column":6},"end":{"line":162,"column":44}},{"start":{"line":163,"column":6},"end":{"line":163,"column":41}}]},"11":{"loc":{"start":{"line":181,"column":18},"end":{"line":181,"column":75}},"type":"cond-expr","locations":[{"start":{"line":181,"column":43},"end":{"line":181,"column":48}},{"start":{"line":181,"column":51},"end":{"line":181,"column":75}}]},"12":{"loc":{"start":{"line":196,"column":53},"end":{"line":196,"column":107}},"type":"cond-expr","locations":[{"start":{"line":196,"column":78},"end":{"line":196,"column":91}},{"start":{"line":196,"column":94},"end":{"line":196,"column":107}}]}},"s":{"0":2,"1":2,"2":2,"3":2,"4":2,"5":2,"6":2,"7":20,"8":2,"9":20,"10":22,"11":22,"12":110,"13":110,"14":108,"15":2,"16":22,"17":0,"18":64,"19":260,"20":64,"21":15,"22":15,"23":49,"24":49,"25":49,"26":13,"27":0,"28":10,"29":7,"30":4,"31":4,"32":3,"33":1,"34":0,"35":3,"36":1,"37":1,"38":1,"39":1,"40":2,"41":8,"42":8,"43":8,"44":8,"45":4,"46":4,"47":4,"48":0,"49":1,"50":3,"51":3,"52":2,"53":4,"54":3,"55":3,"56":3,"57":0,"58":112,"59":3,"60":3,"61":2,"62":2,"63":10,"64":2,"65":2,"66":2,"67":2,"68":0,"69":0,"70":0,"71":42,"72":96,"73":96,"74":1,"75":42,"76":42,"77":2},"f":{"0":2,"1":20,"2":22,"3":64,"4":260,"5":49,"6":10,"7":7,"8":1,"9":0,"10":8,"11":4,"12":0,"13":3,"14":112,"15":3,"16":2,"17":10,"18":42,"19":96},"b":{"0":[2],"1":[2,0],"2":[0],"3":[31],"4":[15],"5":[49],"6":[3],"7":[3,0],"8":[2],"9":[3],"10":[3,3,1,1],"11":[0,0],"12":[1,0]}}
,"/Users/ricardoribeiro/Documents/GitHub/SolanaTokenSniper_v1/src/tracker/db/index.ts": {"path":"/Users/ricardoribeiro/Documents/GitHub/SolanaTokenSniper_v1/src/tracker/db/index.ts","statementMap":{"0":{"start":{"line":1,"column":0},"end":{"line":1,"column":57}},"1":{"start":{"line":10,"column":4},"end":{"line":10,"column":82}},"2":{"start":{"line":14,"column":4},"end":{"line":16,"column":5}},"3":{"start":{"line":15,"column":6},"end":{"line":15,"column":55}},"4":{"start":{"line":17,"column":4},"end":{"line":17,"column":36}},"5":{"start":{"line":21,"column":4},"end":{"line":21,"column":46}},"6":{"start":{"line":22,"column":4},"end":{"line":22,"column":30}},"7":{"start":{"line":26,"column":4},"end":{"line":63,"column":7}},"8":{"start":{"line":28,"column":6},"end":{"line":43,"column":9}},"9":{"start":{"line":46,"column":6},"end":{"line":55,"column":9}},"10":{"start":{"line":58,"column":6},"end":{"line":62,"column":9}},"11":{"start":{"line":67,"column":4},"end":{"line":76,"column":7}},"12":{"start":{"line":68,"column":17},"end":{"line":68,"column":61}},"13":{"start":{"line":69,"column":133},"end":{"line":69,"column":140}},"14":{"start":{"line":71,"column":6},"end":{"line":75,"column":8}},"15":{"start":{"line":80,"column":4},"end":{"line":82,"column":5}},"16":{"start":{"line":81,"column":6},"end":{"line":81,"column":44}},"17":{"start":{"line":84,"column":4},"end":{"line":86,"column":7}},"18":{"start":{"line":85,"column":6},"end":{"line":85,"column":72}},"19":{"start":{"line":90,"column":42},"end":{"line":90,"column":47}},"20":{"start":{"line":92,"column":4},"end":{"line":94,"column":5}},"21":{"start":{"line":93,"column":6},"end":{"line":93,"column":44}},"22":{"start":{"line":96,"column":4},"end":{"line":102,"column":7}},"23":{"start":{"line":97,"column":17},"end":{"line":97,"column":61}},"24":{"start":{"line":98,"column":6},"end":{"line":101,"column":8}},"25":{"start":{"line":106,"column":4},"end":{"line":108,"column":7}},"26":{"start":{"line":107,"column":6},"end":{"line":107,"column":82}},"27":{"start":{"line":112,"column":4},"end":{"line":114,"column":5}},"28":{"start":{"line":113,"column":6},"end":{"line":113,"column":46}},"29":{"start":{"line":116,"column":4},"end":{"line":118,"column":7}},"30":{"start":{"line":117,"column":6},"end":{"line":117,"column":85}},"31":{"start":{"line":122,"column":4},"end":{"line":124,"column":5}},"32":{"start":{"line":123,"column":6},"end":{"line":123,"column":49}},"33":{"start":{"line":126,"column":4},"end":{"line":131,"column":7}},"34":{"start":{"line":127,"column":6},"end":{"line":130,"column":8}},"35":{"start":{"line":135,"column":4},"end":{"line":135,"column":44}},"36":{"start":{"line":4,"column":0},"end":{"line":4,"column":13}},"37":{"start":{"line":139,"column":13},"end":{"line":139,"column":48}}},"fnMap":{"0":{"name":"(anonymous_0)","decl":{"start":{"line":8,"column":2},"end":{"line":8,"column":14}},"loc":{"start":{"line":8,"column":51},"end":{"line":11,"column":3}}},"1":{"name":"(anonymous_1)","decl":{"start":{"line":13,"column":9},"end":{"line":13,"column":15}},"loc":{"start":{"line":13,"column":27},"end":{"line":18,"column":3}}},"2":{"name":"(anonymous_2)","decl":{"start":{"line":20,"column":9},"end":{"line":20,"column":14}},"loc":{"start":{"line":20,"column":25},"end":{"line":23,"column":3}}},"3":{"name":"(anonymous_3)","decl":{"start":{"line":25,"column":10},"end":{"line":25,"column":15}},"loc":{"start":{"line":25,"column":28},"end":{"line":64,"column":3}}},"4":{"name":"(anonymous_4)","decl":{"start":{"line":26,"column":50},"end":{"line":26,"column":55}},"loc":{"start":{"line":26,"column":63},"end":{"line":63,"column":5}}},"5":{"name":"(anonymous_5)","decl":{"start":{"line":66,"column":9},"end":{"line":66,"column":14}},"loc":{"start":{"line":66,"column":51},"end":{"line":77,"column":3}}},"6":{"name":"(anonymous_6)","decl":{"start":{"line":67,"column":45},"end":{"line":67,"column":50}},"loc":{"start":{"line":67,"column":56},"end":{"line":76,"column":5}}},"7":{"name":"(anonymous_7)","decl":{"start":{"line":79,"column":9},"end":{"line":79,"column":14}},"loc":{"start":{"line":79,"column":46},"end":{"line":87,"column":3}}},"8":{"name":"(anonymous_8)","decl":{"start":{"line":84,"column":50},"end":{"line":84,"column":55}},"loc":{"start":{"line":84,"column":63},"end":{"line":86,"column":5}}},"9":{"name":"(anonymous_9)","decl":{"start":{"line":89,"column":9},"end":{"line":89,"column":14}},"loc":{"start":{"line":89,"column":51},"end":{"line":103,"column":3}}},"10":{"name":"(anonymous_10)","decl":{"start":{"line":96,"column":45},"end":{"line":96,"column":50}},"loc":{"start":{"line":96,"column":56},"end":{"line":102,"column":5}}},"11":{"name":"(anonymous_11)","decl":{"start":{"line":105,"column":9},"end":{"line":105,"column":14}},"loc":{"start":{"line":105,"column":26},"end":{"line":109,"column":3}}},"12":{"name":"(anonymous_12)","decl":{"start":{"line":106,"column":51},"end":{"line":106,"column":56}},"loc":{"start":{"line":106,"column":64},"end":{"line":108,"column":5}}},"13":{"name":"(anonymous_13)","decl":{"start":{"line":111,"column":9},"end":{"line":111,"column":14}},"loc":{"start":{"line":111,"column":43},"end":{"line":119,"column":3}}},"14":{"name":"(anonymous_14)","decl":{"start":{"line":116,"column":51},"end":{"line":116,"column":56}},"loc":{"start":{"line":116,"column":64},"end":{"line":118,"column":5}}},"15":{"name":"(anonymous_15)","decl":{"start":{"line":121,"column":9},"end":{"line":121,"column":14}},"loc":{"start":{"line":121,"column":70},"end":{"line":132,"column":3}}},"16":{"name":"(anonymous_16)","decl":{"start":{"line":126,"column":51},"end":{"line":126,"column":56}},"loc":{"start":{"line":126,"column":64},"end":{"line":131,"column":5}}},"17":{"name":"(anonymous_17)","decl":{"start":{"line":134,"column":9},"end":{"line":134,"column":14}},"loc":{"start":{"line":134,"column":20},"end":{"line":136,"column":3}}}},"branchMap":{"0":{"loc":{"start":{"line":10,"column":29},"end":{"line":10,"column":81}},"type":"binary-expr","locations":[{"start":{"line":10,"column":29},"end":{"line":10,"column":46}},{"start":{"line":10,"column":50},"end":{"line":10,"column":81}}]},"1":{"loc":{"start":{"line":14,"column":4},"end":{"line":16,"column":5}},"type":"if","locations":[{"start":{"line":14,"column":4},"end":{"line":16,"column":5}}]},"2":{"loc":{"start":{"line":80,"column":4},"end":{"line":82,"column":5}},"type":"if","locations":[{"start":{"line":80,"column":4},"end":{"line":82,"column":5}}]},"3":{"loc":{"start":{"line":92,"column":4},"end":{"line":94,"column":5}},"type":"if","locations":[{"start":{"line":92,"column":4},"end":{"line":94,"column":5}}]},"4":{"loc":{"start":{"line":92,"column":8},"end":{"line":92,"column":71}},"type":"binary-expr","locations":[{"start":{"line":92,"column":8},"end":{"line":92,"column":21}},{"start":{"line":92,"column":25},"end":{"line":92,"column":38}},{"start":{"line":92,"column":42},"end":{"line":92,"column":58}},{"start":{"line":92,"column":62},"end":{"line":92,"column":71}}]},"5":{"loc":{"start":{"line":112,"column":4},"end":{"line":114,"column":5}},"type":"if","locations":[{"start":{"line":112,"column":4},"end":{"line":114,"column":5}}]},"6":{"loc":{"start":{"line":122,"column":4},"end":{"line":124,"column":5}},"type":"if","locations":[{"start":{"line":122,"column":4},"end":{"line":124,"column":5}}]},"7":{"loc":{"start":{"line":122,"column":8},"end":{"line":122,"column":41}},"type":"binary-expr","locations":[{"start":{"line":122,"column":8},"end":{"line":122,"column":21}},{"start":{"line":122,"column":25},"end":{"line":122,"column":41}}]}},"s":{"0":1,"1":22,"2":1,"3":1,"4":1,"5":3,"6":3,"7":3,"8":2,"9":2,"10":2,"11":3,"12":3,"13":3,"14":3,"15":3,"16":1,"17":2,"18":2,"19":4,"20":4,"21":1,"22":3,"23":3,"24":3,"25":3,"26":2,"27":2,"28":1,"29":1,"30":1,"31":4,"32":2,"33":2,"34":1,"35":2,"36":1,"37":1},"f":{"0":22,"1":1,"2":3,"3":3,"4":2,"5":3,"6":3,"7":3,"8":2,"9":4,"10":3,"11":3,"12":2,"13":2,"14":1,"15":4,"16":1,"17":2},"b":{"0":[22,1],"1":[1],"2":[1],"3":[1],"4":[4,3,3,3],"5":[1],"6":[2],"7":[4,3]}}
}
