{"/Users/ricardoribeiro/Documents/GitHub/SolanaTokenSniper_v1/src/tracker/price_validation.ts": {"path":"/Users/ricardoribeiro/Documents/GitHub/SolanaTokenSniper_v1/src/tracker/price_validation.ts","statementMap":{"0":{"start":{"line":4,"column":12},"end":{"line":4,"column":66}},"1":{"start":{"line":8,"column":8},"end":{"line":8,"column":43}},"2":{"start":{"line":15,"column":24},"end":{"line":19,"column":10}},"3":{"start":{"line":21,"column":8},"end":{"line":21,"column":35}},"4":{"start":{"line":24,"column":8},"end":{"line":26,"column":9}},"5":{"start":{"line":25,"column":12},"end":{"line":25,"column":89}},"6":{"start":{"line":28,"column":8},"end":{"line":28,"column":47}},"7":{"start":{"line":35,"column":24},"end":{"line":35,"column":53}},"8":{"start":{"line":37,"column":8},"end":{"line":43,"column":9}},"9":{"start":{"line":38,"column":12},"end":{"line":42,"column":14}},"10":{"start":{"line":45,"column":31},"end":{"line":45,"column":75}},"11":{"start":{"line":48,"column":28},"end":{"line":48,"column":76}},"12":{"start":{"line":49,"column":39},"end":{"line":49,"column":97}},"13":{"start":{"line":51,"column":8},"end":{"line":62,"column":9}},"14":{"start":{"line":52,"column":37},"end":{"line":52,"column":119}},"15":{"start":{"line":54,"column":12},"end":{"line":61,"column":13}},"16":{"start":{"line":55,"column":16},"end":{"line":60,"column":18}},"17":{"start":{"line":65,"column":26},"end":{"line":65,"column":70}},"18":{"start":{"line":66,"column":29},"end":{"line":66,"column":48}},"19":{"start":{"line":69,"column":36},"end":{"line":71,"column":58}},"20":{"start":{"line":73,"column":8},"end":{"line":80,"column":9}},"21":{"start":{"line":74,"column":12},"end":{"line":79,"column":14}},"22":{"start":{"line":82,"column":8},"end":{"line":86,"column":10}},"23":{"start":{"line":93,"column":31},"end":{"line":93,"column":82}},"24":{"start":{"line":94,"column":20},"end":{"line":94,"column":77}},"25":{"start":{"line":94,"column":57},"end":{"line":94,"column":73}},"26":{"start":{"line":95,"column":8},"end":{"line":95,"column":43}},"27":{"start":{"line":102,"column":8},"end":{"line":106,"column":9}},"28":{"start":{"line":102,"column":21},"end":{"line":102,"column":38}},"29":{"start":{"line":103,"column":12},"end":{"line":105,"column":13}},"30":{"start":{"line":104,"column":16},"end":{"line":104,"column":33}},"31":{"start":{"line":107,"column":8},"end":{"line":107,"column":20}},"32":{"start":{"line":114,"column":8},"end":{"line":114,"column":41}},"33":{"start":{"line":121,"column":8},"end":{"line":121,"column":45}},"34":{"start":{"line":3,"column":0},"end":{"line":3,"column":13}}},"fnMap":{"0":{"name":"(anonymous_0)","decl":{"start":{"line":7,"column":4},"end":{"line":7,"column":16}},"loc":{"start":{"line":7,"column":44},"end":{"line":9,"column":5}}},"1":{"name":"(anonymous_1)","decl":{"start":{"line":14,"column":11},"end":{"line":14,"column":24}},"loc":{"start":{"line":14,"column":56},"end":{"line":29,"column":5}}},"2":{"name":"(anonymous_2)","decl":{"start":{"line":34,"column":11},"end":{"line":34,"column":24}},"loc":{"start":{"line":34,"column":90},"end":{"line":87,"column":5}}},"3":{"name":"(anonymous_3)","decl":{"start":{"line":92,"column":12},"end":{"line":92,"column":35}},"loc":{"start":{"line":92,"column":56},"end":{"line":96,"column":5}}},"4":{"name":"(anonymous_4)","decl":{"start":{"line":94,"column":42},"end":{"line":94,"column":43}},"loc":{"start":{"line":94,"column":57},"end":{"line":94,"column":73}}},"5":{"name":"(anonymous_5)","decl":{"start":{"line":101,"column":12},"end":{"line":101,"column":36}},"loc":{"start":{"line":101,"column":92},"end":{"line":108,"column":5}}},"6":{"name":"(anonymous_6)","decl":{"start":{"line":113,"column":11},"end":{"line":113,"column":23}},"loc":{"start":{"line":113,"column":36},"end":{"line":115,"column":5}}},"7":{"name":"(anonymous_7)","decl":{"start":{"line":120,"column":11},"end":{"line":120,"column":21}},"loc":{"start":{"line":120,"column":34},"end":{"line":122,"column":5}}}},"branchMap":{"0":{"loc":{"start":{"line":15,"column":24},"end":{"line":19,"column":10}},"type":"binary-expr","locations":[{"start":{"line":15,"column":24},"end":{"line":15,"column":53}},{"start":{"line":15,"column":57},"end":{"line":19,"column":10}}]},"1":{"loc":{"start":{"line":24,"column":8},"end":{"line":26,"column":9}},"type":"if","locations":[{"start":{"line":24,"column":8},"end":{"line":26,"column":9}}]},"2":{"loc":{"start":{"line":37,"column":8},"end":{"line":43,"column":9}},"type":"if","locations":[{"start":{"line":37,"column":8},"end":{"line":43,"column":9}}]},"3":{"loc":{"start":{"line":37,"column":12},"end":{"line":37,"column":87}},"type":"binary-expr","locations":[{"start":{"line":37,"column":12},"end":{"line":37,"column":20}},{"start":{"line":37,"column":24},"end":{"line":37,"column":87}}]},"4":{"loc":{"start":{"line":48,"column":28},"end":{"line":48,"column":76}},"type":"cond-expr","locations":[{"start":{"line":48,"column":51},"end":{"line":48,"column":64}},{"start":{"line":48,"column":67},"end":{"line":48,"column":76}}]},"5":{"loc":{"start":{"line":51,"column":8},"end":{"line":62,"column":9}},"type":"if","locations":[{"start":{"line":51,"column":8},"end":{"line":62,"column":9}}]},"6":{"loc":{"start":{"line":54,"column":12},"end":{"line":61,"column":13}},"type":"if","locations":[{"start":{"line":54,"column":12},"end":{"line":61,"column":13}}]},"7":{"loc":{"start":{"line":69,"column":36},"end":{"line":71,"column":58}},"type":"cond-expr","locations":[{"start":{"line":70,"column":14},"end":{"line":70,"column":52}},{"start":{"line":71,"column":14},"end":{"line":71,"column":58}}]},"8":{"loc":{"start":{"line":73,"column":8},"end":{"line":80,"column":9}},"type":"if","locations":[{"start":{"line":73,"column":8},"end":{"line":80,"column":9}}]},"9":{"loc":{"start":{"line":103,"column":12},"end":{"line":105,"column":13}},"type":"if","locations":[{"start":{"line":103,"column":12},"end":{"line":105,"column":13}}]}},"s":{"0":10,"1":10,"2":3047,"3":3047,"4":3047,"5":1791,"6":3047,"7":6,"8":6,"9":1,"10":5,"11":5,"12":5,"13":5,"14":1,"15":1,"16":1,"17":4,"18":4,"19":4,"20":4,"21":2,"22":2,"23":5,"24":5,"25":31,"26":5,"27":5,"28":5,"29":25,"30":1,"31":4,"32":1,"33":13,"34":1},"f":{"0":10,"1":3047,"2":6,"3":5,"4":31,"5":5,"6":1,"7":13},"b":{"0":[3047,108],"1":[1791],"2":[1],"3":[6,5],"4":[5,0],"5":[1],"6":[1],"7":[3,1],"8":[2],"9":[1]}}
}
