TN:
SF:src/config.ts
FNF:0
FNH:0
DA:44,2
LF:1
LH:1
BRF:0
BRH:0
end_of_record
TN:
SF:src/tracker/db/connection_manager.ts
FN:17,(anonymous_9)
FN:19,(anonymous_10)
FN:29,(anonymous_11)
FN:48,(anonymous_12)
FN:50,(anonymous_13)
FN:59,(anonymous_14)
FN:69,(anonymous_15)
FN:76,(anonymous_16)
FN:85,(anonymous_17)
FN:88,(anonymous_18)
FN:107,(anonymous_19)
FN:119,(anonymous_20)
FN:120,(anonymous_21)
FN:137,(anonymous_22)
FN:147,(anonymous_23)
FN:157,(anonymous_24)
FN:170,(anonymous_25)
FN:173,(anonymous_26)
FN:190,(anonymous_27)
FN:192,(anonymous_28)
FNF:20
FNH:18
FNDA:2,(anonymous_9)
FNDA:20,(anonymous_10)
FNDA:22,(anonymous_11)
FNDA:64,(anonymous_12)
FNDA:260,(anonymous_13)
FNDA:49,(anonymous_14)
FNDA:10,(anonymous_15)
FNDA:7,(anonymous_16)
FNDA:1,(anonymous_17)
FNDA:0,(anonymous_18)
FNDA:8,(anonymous_19)
FNDA:4,(anonymous_20)
FNDA:0,(anonymous_21)
FNDA:3,(anonymous_22)
FNDA:112,(anonymous_23)
FNDA:3,(anonymous_24)
FNDA:2,(anonymous_25)
FNDA:10,(anonymous_26)
FNDA:42,(anonymous_27)
FNDA:96,(anonymous_28)
DA:1,2
DA:2,2
DA:3,2
DA:10,2
DA:12,2
DA:13,2
DA:14,2
DA:15,2
DA:20,20
DA:21,2
DA:23,20
DA:31,22
DA:32,110
DA:33,110
DA:34,108
DA:36,2
DA:40,22
DA:41,0
DA:50,260
DA:52,64
DA:53,15
DA:54,15
DA:58,49
DA:59,49
DA:60,13
DA:63,0
DA:70,10
DA:79,7
DA:81,4
DA:82,4
DA:84,3
DA:86,1
DA:89,0
DA:93,3
DA:94,1
DA:95,1
DA:97,1
DA:98,1
DA:100,2
DA:111,8
DA:113,8
DA:114,8
DA:116,4
DA:117,4
DA:120,4
DA:124,1
DA:126,3
DA:128,3
DA:129,2
DA:132,4
DA:136,3
DA:137,3
DA:141,0
DA:148,112
DA:158,3
DA:159,3
DA:171,2
DA:173,10
DA:174,2
DA:175,2
DA:178,2
DA:179,2
DA:181,0
DA:182,0
DA:183,0
DA:191,42
DA:193,96
DA:194,96
DA:196,1
DA:200,42
DA:201,42
LF:71
LH:64
BRDA:20,0,0,2
BRDA:36,1,0,2
BRDA:36,1,1,0
BRDA:40,2,0,0
BRDA:48,3,0,31
BRDA:52,4,0,15
BRDA:58,5,0,49
BRDA:109,6,0,3
BRDA:126,7,0,3
BRDA:126,7,1,0
BRDA:128,8,0,2
BRDA:136,9,0,3
BRDA:160,10,0,3
BRDA:160,10,1,3
BRDA:160,10,2,1
BRDA:160,10,3,1
BRDA:181,11,0,0
BRDA:181,11,1,0
BRDA:196,12,0,1
BRDA:196,12,1,0
BRF:20
BRH:14
end_of_record
TN:
SF:src/tracker/db/index.ts
FN:8,(anonymous_0)
FN:13,(anonymous_1)
FN:20,(anonymous_2)
FN:25,(anonymous_3)
FN:26,(anonymous_4)
FN:66,(anonymous_5)
FN:67,(anonymous_6)
FN:79,(anonymous_7)
FN:84,(anonymous_8)
FN:89,(anonymous_9)
FN:96,(anonymous_10)
FN:105,(anonymous_11)
FN:106,(anonymous_12)
FN:111,(anonymous_13)
FN:116,(anonymous_14)
FN:121,(anonymous_15)
FN:126,(anonymous_16)
FN:134,(anonymous_17)
FNF:18
FNH:18
FNDA:22,(anonymous_0)
FNDA:1,(anonymous_1)
FNDA:3,(anonymous_2)
FNDA:3,(anonymous_3)
FNDA:2,(anonymous_4)
FNDA:3,(anonymous_5)
FNDA:3,(anonymous_6)
FNDA:3,(anonymous_7)
FNDA:2,(anonymous_8)
FNDA:4,(anonymous_9)
FNDA:3,(anonymous_10)
FNDA:3,(anonymous_11)
FNDA:2,(anonymous_12)
FNDA:2,(anonymous_13)
FNDA:1,(anonymous_14)
FNDA:4,(anonymous_15)
FNDA:1,(anonymous_16)
FNDA:2,(anonymous_17)
DA:1,1
DA:4,1
DA:10,22
DA:14,1
DA:15,1
DA:17,1
DA:21,3
DA:22,3
DA:26,3
DA:28,2
DA:46,2
DA:58,2
DA:67,3
DA:68,3
DA:69,3
DA:71,3
DA:80,3
DA:81,1
DA:84,2
DA:85,2
DA:90,4
DA:92,4
DA:93,1
DA:96,3
DA:97,3
DA:98,3
DA:106,3
DA:107,2
DA:112,2
DA:113,1
DA:116,1
DA:117,1
DA:122,4
DA:123,2
DA:126,2
DA:127,1
DA:135,2
DA:139,1
LF:38
LH:38
BRDA:10,0,0,22
BRDA:10,0,1,1
BRDA:14,1,0,1
BRDA:80,2,0,1
BRDA:92,3,0,1
BRDA:92,4,0,4
BRDA:92,4,1,3
BRDA:92,4,2,3
BRDA:92,4,3,3
BRDA:112,5,0,1
BRDA:122,6,0,2
BRDA:122,7,0,4
BRDA:122,7,1,3
BRF:13
BRH:13
end_of_record
