TN:
SF:src/config.ts
FNF:0
FNH:0
DA:44,2
LF:1
LH:1
BRF:0
BRH:0
end_of_record
TN:
SF:src/tracker/price_validation.ts
FN:7,(anonymous_0)
FN:14,(anonymous_1)
FN:34,(anonymous_2)
FN:92,(anonymous_3)
FN:94,(anonymous_4)
FN:101,(anonymous_5)
FN:113,(anonymous_6)
FN:120,(anonymous_7)
FNF:8
FNH:8
FNDA:10,(anonymous_0)
FNDA:3047,(anonymous_1)
FNDA:6,(anonymous_2)
FNDA:5,(anonymous_3)
FNDA:31,(anonymous_4)
FNDA:5,(anonymous_5)
FNDA:1,(anonymous_6)
FNDA:13,(anonymous_7)
DA:3,1
DA:4,10
DA:8,10
DA:15,3047
DA:21,3047
DA:24,3047
DA:25,1791
DA:28,3047
DA:35,6
DA:37,6
DA:38,1
DA:45,5
DA:48,5
DA:49,5
DA:51,5
DA:52,1
DA:54,1
DA:55,1
DA:65,4
DA:66,4
DA:69,4
DA:73,4
DA:74,2
DA:82,2
DA:93,5
DA:94,31
DA:95,5
DA:102,5
DA:103,25
DA:104,1
DA:107,4
DA:114,1
DA:121,13
LF:33
LH:33
BRDA:15,0,0,3047
BRDA:15,0,1,108
BRDA:24,1,0,1791
BRDA:37,2,0,1
BRDA:37,3,0,6
BRDA:37,3,1,5
BRDA:48,4,0,5
BRDA:48,4,1,0
BRDA:51,5,0,1
BRDA:54,6,0,1
BRDA:69,7,0,3
BRDA:69,7,1,1
BRDA:73,8,0,2
BRDA:103,9,0,1
BRF:14
BRH:13
end_of_record
TN:
SF:src/tracker/db/connection_manager.ts
FN:18,(anonymous_9)
FN:20,(anonymous_10)
FN:30,(anonymous_11)
FN:46,(anonymous_12)
FN:54,(anonymous_13)
FN:56,(anonymous_14)
FN:65,(anonymous_15)
FN:75,(anonymous_16)
FN:82,(anonymous_17)
FN:91,(anonymous_18)
FN:94,(anonymous_19)
FN:113,(anonymous_20)
FN:125,(anonymous_21)
FN:126,(anonymous_22)
FN:143,(anonymous_23)
FN:153,(anonymous_24)
FN:163,(anonymous_25)
FN:176,(anonymous_26)
FN:179,(anonymous_27)
FN:197,(anonymous_28)
FN:199,(anonymous_29)
FNF:21
FNH:21
FNDA:16,(anonymous_9)
FNDA:10,(anonymous_10)
FNDA:18,(anonymous_11)
FNDA:6,(anonymous_12)
FNDA:45,(anonymous_13)
FNDA:172,(anonymous_14)
FNDA:6,(anonymous_15)
FNDA:36,(anonymous_16)
FNDA:19,(anonymous_17)
FNDA:18,(anonymous_18)
FNDA:1,(anonymous_19)
FNDA:4,(anonymous_20)
FNDA:7,(anonymous_21)
FNDA:5,(anonymous_22)
FNDA:3,(anonymous_23)
FNDA:114,(anonymous_24)
FNDA:4,(anonymous_25)
FNDA:1,(anonymous_26)
FNDA:10,(anonymous_27)
FNDA:14,(anonymous_28)
FNDA:91,(anonymous_29)
DA:1,2
DA:2,2
DA:3,2
DA:10,2
DA:12,16
DA:13,16
DA:14,16
DA:15,16
DA:16,16
DA:21,10
DA:22,8
DA:24,10
DA:32,18
DA:34,18
DA:35,113
DA:36,113
DA:37,105
DA:38,105
DA:40,8
DA:41,8
DA:42,8
DA:43,2
DA:46,6
DA:56,172
DA:58,45
DA:59,37
DA:60,37
DA:64,8
DA:65,6
DA:66,6
DA:69,2
DA:76,36
DA:85,19
DA:87,19
DA:88,19
DA:90,19
DA:92,18
DA:95,1
DA:99,19
DA:100,18
DA:101,17
DA:103,2
DA:104,2
DA:106,19
DA:117,4
DA:119,4
DA:120,7
DA:122,7
DA:123,7
DA:126,7
DA:130,3
DA:132,4
DA:134,4
DA:135,1
DA:138,7
DA:142,4
DA:143,3
DA:147,1
DA:154,114
DA:164,4
DA:165,4
DA:177,1
DA:179,10
DA:180,1
DA:181,1
DA:184,1
DA:185,1
DA:186,1
DA:188,0
DA:189,0
DA:190,0
DA:198,14
DA:200,91
DA:201,91
DA:203,0
DA:207,14
DA:208,14
LF:77
LH:73
BRDA:21,0,0,8
BRDA:40,1,0,8
BRDA:40,1,1,0
BRDA:42,2,0,2
BRDA:42,3,0,8
BRDA:42,3,1,8
BRDA:54,4,0,39
BRDA:58,5,0,37
BRDA:64,6,0,6
BRDA:115,7,0,4
BRDA:132,8,0,4
BRDA:132,8,1,0
BRDA:134,9,0,1
BRDA:142,10,0,3
BRDA:166,11,0,4
BRDA:166,11,1,4
BRDA:166,11,2,3
BRDA:166,11,3,3
BRDA:188,12,0,0
BRDA:188,12,1,0
BRDA:203,13,0,0
BRDA:203,13,1,0
BRF:22
BRH:16
end_of_record
TN:
SF:src/tracker/db/index.ts
FN:8,(anonymous_0)
FN:13,(anonymous_1)
FN:20,(anonymous_2)
FN:25,(anonymous_3)
FN:26,(anonymous_4)
FN:66,(anonymous_5)
FN:67,(anonymous_6)
FN:79,(anonymous_7)
FN:84,(anonymous_8)
FN:89,(anonymous_9)
FN:96,(anonymous_10)
FN:105,(anonymous_11)
FN:106,(anonymous_12)
FN:111,(anonymous_13)
FN:116,(anonymous_14)
FN:121,(anonymous_15)
FN:126,(anonymous_16)
FN:134,(anonymous_17)
FNF:18
FNH:18
FNDA:22,(anonymous_0)
FNDA:1,(anonymous_1)
FNDA:3,(anonymous_2)
FNDA:3,(anonymous_3)
FNDA:2,(anonymous_4)
FNDA:3,(anonymous_5)
FNDA:3,(anonymous_6)
FNDA:3,(anonymous_7)
FNDA:2,(anonymous_8)
FNDA:4,(anonymous_9)
FNDA:3,(anonymous_10)
FNDA:3,(anonymous_11)
FNDA:2,(anonymous_12)
FNDA:2,(anonymous_13)
FNDA:1,(anonymous_14)
FNDA:4,(anonymous_15)
FNDA:1,(anonymous_16)
FNDA:2,(anonymous_17)
DA:1,1
DA:4,1
DA:10,22
DA:14,1
DA:15,1
DA:17,1
DA:21,3
DA:22,3
DA:26,3
DA:28,2
DA:46,2
DA:58,2
DA:67,3
DA:68,3
DA:69,3
DA:71,3
DA:80,3
DA:81,1
DA:84,2
DA:85,2
DA:90,4
DA:92,4
DA:93,1
DA:96,3
DA:97,3
DA:98,3
DA:106,3
DA:107,2
DA:112,2
DA:113,1
DA:116,1
DA:117,1
DA:122,4
DA:123,2
DA:126,2
DA:127,1
DA:135,2
DA:139,1
LF:38
LH:38
BRDA:10,0,0,22
BRDA:10,0,1,1
BRDA:14,1,0,1
BRDA:80,2,0,1
BRDA:92,3,0,1
BRDA:92,4,0,4
BRDA:92,4,1,3
BRDA:92,4,2,3
BRDA:92,4,3,3
BRDA:112,5,0,1
BRDA:122,6,0,2
BRDA:122,7,0,4
BRDA:122,7,1,3
BRF:13
BRH:13
end_of_record
